[Sun Mar  8 10:26:59 AM CST 2026] 开始执行任务：implementation
[Sun Mar  8 10:26:59 AM CST 2026] 开始执行已批准的需求...
[Sun Mar  8 10:26:59 AM CST 2026] 需求执行完成
[Sun Mar  8 10:26:59 AM CST 2026] 准备发送执行结果，消息长度：1033
│
◇  Doctor warnings ──────────────────────────────────────────────────────╮
│                                                                        │
│  - channels.feishu.groupPolicy is "allowlist" but groupAllowFrom (and  │
│    allowFrom) is empty — all group messages will be silently dropped.  │
│    Add sender IDs to channels.feishu.groupAllowFrom or                 │
│    channels.feishu.allowFrom, or set groupPolicy to "open".            │
│                                                                        │
├────────────────────────────────────────────────────────────────────────╯
[plugins] plugins.allow is empty; discovered non-bundled plugins may auto-load: adp-openclaw (/root/.openclaw/extensions/adp-openclaw/index.ts), ddingtalk (/root/.openclaw/extensions/ddingtalk/index.ts), qqbot (/root/.openclaw/extensions/qqbot/index.ts), skillhub (/root/.openclaw/extensions/skillhub/index.ts), wecom (/root/.openclaw/extensions/wecom/index.ts). Set plugins.allow to explicit trusted ids.
[plugins] feishu_doc: Registered feishu_doc, feishu_app_scopes
[plugins] feishu_chat: Registered feishu_chat tool
[plugins] feishu_wiki: Registered feishu_wiki tool
[plugins] feishu_drive: Registered feishu_drive tool
[plugins] feishu_bitable: Registered bitable tools
[adp-openclaw] register() called - starting plugin registration
[plugins] [adp-openclaw] Plugin register() called
[adp-openclaw] Registering tool factory: adp_upload_file
[plugins] [adp-openclaw] Registering tool factory: adp_upload_file
[adp-openclaw] Tool adp_upload_file registered successfully
[plugins] [adp-openclaw] Tool adp_upload_file registered successfully
[adp-openclaw] Plugin registration complete
[plugins] [adp-openclaw] Plugin registration complete
[plugins] skillhub: loaded without install/load-path provenance; treat as untracked local code and pin trust via plugins.allow or install records (/root/.openclaw/extensions/skillhub/index.ts)
[info]: [ 'client ready' ]
✅ Sent via Feishu. Message ID: om_x100b55f9a959eca8c4cfea3030116eb (chat ou_95784e1b9fa0ace2bbdd23a02b829cff)
[Sun Mar  8 10:27:05 AM CST 2026] 执行结果发送成功
