[Mon Mar  9 06:00:01 AM CST 2026] 开始执行任务：analysis
[Mon Mar  9 06:00:01 AM CST 2026] 开始执行仓库分析...
[Mon Mar  9 06:00:01 AM CST 2026] 检查需求文件：/root/.openclaw/workspace/LangPoly-Manager/requirements/requirements-2026-03-09.md
[Mon Mar  9 06:00:01 AM CST 2026] 需求文档生成完成：/root/.openclaw/workspace/LangPoly-Manager/requirements/requirements-2026-03-09.md
[Mon Mar  9 06:00:01 AM CST 2026] 准备发送需求报告，消息长度：2161
/root/.openclaw/workspace/LangPoly-Manager/scripts/cron_jobs.sh: line 31: openclaw: command not found
[Mon Mar  9 06:00:01 AM CST 2026] 报告发送失败，错误代码：0
/root/.openclaw/workspace/LangPoly-Manager/scripts/cron_jobs.sh: line 39: openclaw: command not found
[Mon Mar  9 10:00:01 AM CST 2026] 开始执行任务：implementation
[Mon Mar  9 10:00:01 AM CST 2026] 开始执行已批准的需求...
[Mon Mar  9 10:00:01 AM CST 2026] 需求执行完成
[Mon Mar  9 10:00:01 AM CST 2026] 准备发送执行结果，消息长度：1033
│
◇  Doctor warnings ──────────────────────────────────────────────────────╮
│                                                                        │
│  - channels.feishu.groupPolicy is "allowlist" but groupAllowFrom (and  │
│    allowFrom) is empty — all group messages will be silently dropped.  │
│    Add sender IDs to channels.feishu.groupAllowFrom or                 │
│    channels.feishu.allowFrom, or set groupPolicy to "open".            │
│                                                                        │
├────────────────────────────────────────────────────────────────────────╯
[plugins] plugins.allow is empty; discovered non-bundled plugins may auto-load: adp-openclaw (/root/.openclaw/extensions/adp-openclaw/index.ts), ddingtalk (/root/.openclaw/extensions/ddingtalk/index.ts), qqbot (/root/.openclaw/extensions/qqbot/index.ts), skillhub (/root/.openclaw/extensions/skillhub/index.ts), wecom (/root/.openclaw/extensions/wecom/index.ts). Set plugins.allow to explicit trusted ids.
[plugins] feishu_doc: Registered feishu_doc, feishu_app_scopes
[plugins] feishu_chat: Registered feishu_chat tool
[plugins] feishu_wiki: Registered feishu_wiki tool
[plugins] feishu_drive: Registered feishu_drive tool
[plugins] feishu_bitable: Registered bitable tools
[adp-openclaw] register() called - starting plugin registration
[plugins] [adp-openclaw] Plugin register() called
[adp-openclaw] Registering tool factory: adp_upload_file
[plugins] [adp-openclaw] Registering tool factory: adp_upload_file
[adp-openclaw] Tool adp_upload_file registered successfully
[plugins] [adp-openclaw] Tool adp_upload_file registered successfully
[adp-openclaw] Plugin registration complete
[plugins] [adp-openclaw] Plugin registration complete
[plugins] skillhub: loaded without install/load-path provenance; treat as untracked local code and pin trust via plugins.allow or install records (/root/.openclaw/extensions/skillhub/index.ts)
[info]: [ 'client ready' ]
✅ Sent via Feishu. Message ID: om_x100b55d6d4b08d04c3696eded3c70df (chat ou_95784e1b9fa0ace2bbdd23a02b829cff)
[Mon Mar  9 10:00:08 AM CST 2026] 执行结果发送成功
