
处理需求文档：/root/.openclaw/workspace/LangPoly-Manager/requirements/requirements-2026-03-07.md
没有已批准的需求，跳过

处理需求文档：/root/.openclaw/workspace/LangPoly-Manager/requirements/requirements-2026-03-08.md

开始实现需求：[功能完善必要性] 文件/root/.openclaw/workspace/LangPoly-Manager/src/lib.rs缺少错误处理（优先级：必要且紧急）
❌ 实现失败：未找到对应的实现逻辑

开始实现需求：[功能完善必要性] 文件/root/.openclaw/workspace/LangPoly-Manager/src/cli.rs缺少错误处理（优先级：必要且紧急）
❌ 实现失败：未找到对应的实现逻辑

开始实现需求：[功能完善必要性] 文件/root/.openclaw/workspace/LangPoly-Manager/src/utils/guidance.rs缺少错误处理（优先级：必要且紧急）
❌ 实现失败：未找到对应的实现逻辑

开始实现需求：[功能完善必要性] 文件/root/.openclaw/workspace/LangPoly-Manager/src/utils/progress.rs缺少错误处理（优先级：必要且紧急）
❌ 实现失败：未找到对应的实现逻辑

开始实现需求：[功能完善必要性] 文件/root/.openclaw/workspace/LangPoly-Manager/src/utils/mod.rs缺少错误处理（优先级：必要且紧急）
❌ 实现失败：未找到对应的实现逻辑

开始实现需求：[高性能] 缺少Release版本优化配置（优先级：必要但不紧急）
❌ 实现失败：未找到对应的实现逻辑

开始实现需求：[高性能] 未配置编译优化级别（优先级：必要但不紧急）
❌ 实现失败：未找到对应的实现逻辑

开始实现需求：[安全性] 发现潜在敏感文件：/root/.openclaw/workspace/LangPoly-Manager/skills/meetai-rust-code-inspection/me.config.json（优先级：不必也不紧急）
❌ 实现失败：未找到对应的实现逻辑

开始实现需求：[安全性] 代码中可能存在硬编码密钥：/root/.openclaw/workspace/LangPoly-Manager/src/utils/validator.rs（优先级：不必也不紧急）
❌ 实现失败：未找到对应的实现逻辑

开始实现需求：[高解耦] 模块quick_install跨模块依赖过多，可能耦合度较高（优先级：不必也不紧急）
❌ 实现失败：未找到对应的实现逻辑

开始实现需求：[高解耦] 模块python跨模块依赖过多，可能耦合度较高（优先级：不必也不紧急）
❌ 实现失败：未找到对应的实现逻辑

开始实现需求：[用户体验感] CLI工具缺少帮助信息或版本参数（优先级：不必也不紧急）
❌ 实现失败：未找到对应的实现逻辑

开始实现需求：[用户体验感] CLI工具缺少帮助信息或版本参数（优先级：不必也不紧急）
❌ 实现失败：未找到对应的实现逻辑

开始实现需求：[用户体验感] CLI工具缺少帮助信息或版本参数（优先级：不必也不紧急）
❌ 实现失败：未找到对应的实现逻辑

开始实现需求：[用户体验感] CLI工具缺少帮助信息或版本参数（优先级：不必也不紧急）
❌ 实现失败：未找到对应的实现逻辑

开始实现需求：[用户体验感] CLI工具缺少帮助信息或版本参数（优先级：不必也不紧急）
❌ 实现失败：未找到对应的实现逻辑

开始实现需求：[用户体验感] CLI工具缺少帮助信息或版本参数（优先级：不必也不紧急）
❌ 实现失败：未找到对应的实现逻辑

开始实现需求：[用户体验感] CLI工具缺少帮助信息或版本参数（优先级：不必也不紧急）
❌ 实现失败：未找到对应的实现逻辑

开始实现需求：[用户体验感] CLI工具缺少帮助信息或版本参数（优先级：不必也不紧急）
❌ 实现失败：未找到对应的实现逻辑

开始实现需求：[用户体验感] CLI工具缺少帮助信息或版本参数（优先级：不必也不紧急）
❌ 实现失败：未找到对应的实现逻辑

开始实现需求：[用户体验感] CLI工具缺少帮助信息或版本参数（优先级：不必也不紧急）
❌ 实现失败：未找到对应的实现逻辑

开始实现需求：[用户体验感] CLI工具缺少帮助信息或版本参数（优先级：不必也不紧急）
❌ 实现失败：未找到对应的实现逻辑

执行代码检查...
未找到meetai-rust-code-inspection技能，跳过

更新架构洞察文档...

处理需求文档：/root/.openclaw/workspace/LangPoly-Manager/requirements/requirements-2026-03-09.md
没有已批准的需求，跳过

==================================================
执行总结：
共完成需求：0 个
失败需求：22 个

失败的需求：
- [必要且紧急] [功能完善必要性] 文件/root/.openclaw/workspace/LangPoly-Manager/src/lib.rs缺少错误处理
- [必要且紧急] [功能完善必要性] 文件/root/.openclaw/workspace/LangPoly-Manager/src/cli.rs缺少错误处理
- [必要且紧急] [功能完善必要性] 文件/root/.openclaw/workspace/LangPoly-Manager/src/utils/guidance.rs缺少错误处理
- [必要且紧急] [功能完善必要性] 文件/root/.openclaw/workspace/LangPoly-Manager/src/utils/progress.rs缺少错误处理
- [必要且紧急] [功能完善必要性] 文件/root/.openclaw/workspace/LangPoly-Manager/src/utils/mod.rs缺少错误处理
- [必要但不紧急] [高性能] 缺少Release版本优化配置
- [必要但不紧急] [高性能] 未配置编译优化级别
- [不必也不紧急] [安全性] 发现潜在敏感文件：/root/.openclaw/workspace/LangPoly-Manager/skills/meetai-rust-code-inspection/me.config.json
- [不必也不紧急] [安全性] 代码中可能存在硬编码密钥：/root/.openclaw/workspace/LangPoly-Manager/src/utils/validator.rs
- [不必也不紧急] [高解耦] 模块quick_install跨模块依赖过多，可能耦合度较高
- [不必也不紧急] [高解耦] 模块python跨模块依赖过多，可能耦合度较高
- [不必也不紧急] [用户体验感] CLI工具缺少帮助信息或版本参数
- [不必也不紧急] [用户体验感] CLI工具缺少帮助信息或版本参数
- [不必也不紧急] [用户体验感] CLI工具缺少帮助信息或版本参数
- [不必也不紧急] [用户体验感] CLI工具缺少帮助信息或版本参数
- [不必也不紧急] [用户体验感] CLI工具缺少帮助信息或版本参数
- [不必也不紧急] [用户体验感] CLI工具缺少帮助信息或版本参数
- [不必也不紧急] [用户体验感] CLI工具缺少帮助信息或版本参数
- [不必也不紧急] [用户体验感] CLI工具缺少帮助信息或版本参数
- [不必也不紧急] [用户体验感] CLI工具缺少帮助信息或版本参数
- [不必也不紧急] [用户体验感] CLI工具缺少帮助信息或版本参数
- [不必也不紧急] [用户体验感] CLI工具缺少帮助信息或版本参数
